тФМтттттттттттттттттттттттттттттттттттттттттттттттттттттттттттттФР
тФВ    WARNING: Running gammaloop compiled with 'dev-optim'    тФВ
тФФтттттттттттттттттттттттттттттттттттттттттттттттттттттттттттттФШ
[13:04:33.440] @gammaloop_api::session INFO    : Running command run -c 'import model sm-default.json; set global kv global.display_directive=info global.logfile_directive=off global.n_cores.feyngen=10 global.n_cores.generate=10 global.n_cores.integrate=20; remove processes -p aa_aa; generate amp a a > a a | a t t~ g ghG ghG~ QCD==2 QED==4 [{2}] --numerator-grouping group_identical_graphs_up_to_scalar_rescaling --symmetrize-initial-states=true --symmetrize-final-states=true --select-graphs GL16 -p aa_aa -i 2L --only-diagrams; save dot; save state -o; generate existing -p aa_aa -i 2L; save state -o; run set_model_parameters; run set_kinematics_a; set process -p aa_aa kv kinematics.externals.data.helicities=[+1,-1,+1,-1] general.mu_r=91.188; set process -p aa_aa -i 2L kv general.m_uv=9.188; profile ultra-violet -p aa_aa -i 2L --n-points 20 --min-scaling 3 --max-scaling 5 -o /tmp/aa_aa_2l_graph_campaign_all/GL16/uv_profile'
    at crates/gammaloop-api/src/session.rs:631
[13:04:33.440] @gammaloop_api::session INFO    : Starting commands supplied with --commands/-c
    at crates/gammaloop-api/src/session.rs:646
[13:04:33.441] @gammaloop_api::session INFO    : Running command import model sm-default.json
    at crates/gammaloop-api/src/session.rs:577
[13:04:33.441] @gammaloop_api::commands::import::model INFO    : Loading built-in JSON model sm-default
    at crates/gammaloop-api/src/commands/import/model.rs:202
[13:04:33.476] @gammalooprs::model INFO    : The following [32m11[39m external parameters were forced to zero by the restriction card:
[34mlamWS, AWS, rhoWS, etaWS, ymc, yme, ymm, MC, Me, MM, WTau[39m
    at crates/gammalooprs/src/model/mod.rs:1916
[13:04:33.476] @gammalooprs::model INFO    : The following [32m34[39m vertex rules were removed by the restriction card:
[34mV_82 -> (c~, d, G+) | V_83 -> (t~, d, G+) | V_84 -> (c~, s, G+) | V_85 -> (t~, s, G+) | V_86 -> (u~, b, G+) | V_87 -> (c~, b, G+) | V_90 -> (c~, d, W+) | V_91 -> (t~, d, W+) | V_92 -> (u~, s, W+) | V_94 -> (t~, s, W+) | V_95 -> (u~, b, W+) | V_96 -> (c~, b, W+) | V_101 -> (e+, e-, G0) | V_102 -> (mu+, mu-, G0) | V_104 -> (e+, e-, H) | V_105 -> (mu+, mu-, H) | V_110 -> (ve~, e-, G+) | V_111 -> (vm~, mu-, G+) | V_116 -> (b~, u, G-) | V_117 -> (d~, c, G-) | V_118 -> (s~, c, G-) | V_119 -> (b~, c, G-) | V_120 -> (d~, t, G-) | V_121 -> (s~, t, G-) | V_124 -> (s~, u, W-) | V_125 -> (b~, u, W-) | V_126 -> (d~, c, W-) | V_128 -> (b~, c, W-) | V_129 -> (d~, t, W-) | V_130 -> (s~, t, W-) | V_138 -> (c~, c, G0) | V_140 -> (c~, c, H) | V_145 -> (e+, ve, G-) | V_146 -> (mu+, vm, G-)[39m
    at crates/gammalooprs/src/model/mod.rs:1975
[13:04:33.476] @gammalooprs::model INFO    : The following [32m36[39m couplings were removed by the restriction card:
[34mGC_13, GC_14, GC_16, GC_17, GC_18, GC_19, GC_20, GC_22, GC_23, GC_24, GC_25, GC_26, GC_28, GC_29, GC_42, GC_43, GC_44, GC_46, GC_47, GC_48, GC_84, GC_85, GC_86, GC_87, GC_88, GC_89, GC_90, GC_91, GC_92, GC_93, GC_101, GC_102, GC_103, GC_105, GC_106, GC_107[39m
    at crates/gammalooprs/src/model/mod.rs:2008
[13:04:33.476] @gammaloop_api::session INFO    : Running command set global kv global.display_directive=info global.logfile_directive=off global.n_cores.feyngen=10 global.n_cores.generate=10 global.n_cores.integrate=20
    at crates/gammaloop-api/src/session.rs:577
[13:04:33.477] @gammaloop_api::session INFO    : Running command remove processes -p aa_aa
    at crates/gammaloop-api/src/session.rs:577
[13:04:33.477] @gammaloop_api::session INFO    : Running command generate amp a a > a a | a t t~ g ghG ghG~ QCD==2 QED==4 [{2}] --numerator-grouping group_identical_graphs_up_to_scalar_rescaling --symmetrize-initial-states=true --symmetrize-final-states=true --select-graphs GL16 -p aa_aa -i 2L --only-diagrams
    at crates/gammaloop-api/src/session.rs:577
[13:04:33.481] @gammalooprs::feyngen::diagram_generator INFO    : 0s     | ╬Ф=0s     | Starting Feynman graph generation with Symbolica...
    at crates/gammalooprs/src/feyngen/diagram_generator.rs:3043
[13:04:33.483] @gammalooprs::feyngen::diagram_generator INFO    : 0s     | ╬Ф=0s     | Number of graphs resulting from Symbolica generation:                                          192
    at crates/gammalooprs/src/feyngen/diagram_generator.rs:3188
[13:04:33.484] @gammalooprs::feyngen::diagram_generator INFO    : 0s     | ╬Ф=0s     | Number of graphs retained after removal of vetoed topologies:                                  144
    at crates/gammalooprs/src/feyngen/diagram_generator.rs:3356
[13:04:33.487] @gammalooprs::feyngen::diagram_generator INFO    : 0s     | ╬Ф=0s     | Number of graphs after vertex info assignment:                                                 144
    at crates/gammalooprs/src/feyngen/diagram_generator.rs:3426
[13:04:33.488] @gammalooprs::feyngen::diagram_generator INFO    : 0s     | ╬Ф=0s     | Number of graphs after all complete graphs filters are applied:                                72
    at crates/gammalooprs/src/feyngen/diagram_generator.rs:3440
[13:04:33.488] @gammalooprs::feyngen::diagram_generator INFO    : 0s     | ╬Ф=0s     | Number of graphs after closed fermion chains analysis:                                         72
    at crates/gammalooprs/src/feyngen/diagram_generator.rs:3489
[13:04:33.489] @gammalooprs::feyngen::diagram_generator INFO    : 0s     | ╬Ф=0s     | Number of graphs after symmetrization of external states:                                      20
    at crates/gammalooprs/src/feyngen/diagram_generator.rs:3768
[13:04:33.490] @gammalooprs::feyngen::diagram_generator INFO    : 0s     | ╬Ф=0s     | Number of graphs after canonization of vertices, edges and flows (graph labels assigned here): 20
    at crates/gammalooprs/src/feyngen/diagram_generator.rs:3968
[13:05:00.938] @gammalooprs::feyngen::diagram_generator INFO    : 27s    | ╬Ф=27s    | Number of graphs after numerator-aware grouping with strategy 'up to a scalar rescaling':      1 (1 isomorphically unique graph, 0 color zero, 0 lorentz zero, 0 grouped and 0 cancellation)
    at crates/gammalooprs/src/feyngen/diagram_generator.rs:4347
[13:05:00.938] @gammalooprs::feyngen::diagram_generator INFO    : ( Sum of the symmetry factors from each graph generated = -4 )
    at crates/gammalooprs/src/feyngen/diagram_generator.rs:4487
[13:05:00.962] @gammaloop_api::commands::generate INFO    : Generated amplitude 1 graphs.
    at crates/gammaloop-api/src/commands/generate.rs:628
[13:05:00.962] @gammaloop_api::commands::generate INFO    : Only diagram generation was requested, skipping integrand generation. You can generate integrands later using the '[32mgenerate existing <options>[39m' command.
    at crates/gammaloop-api/src/commands/generate.rs:719
[13:05:01.015] @gammaloop_api::session INFO    : Running command save dot
    at crates/gammaloop-api/src/session.rs:577
[13:05:01.015] @gammaloop_api::commands::save INFO    : Saving dot files to /tmp/aa_aa_2l_graph_campaign_all/GL16/state
    at crates/gammaloop-api/src/commands/save.rs:95
[13:05:01.018] @gammalooprs::model INFO    : Generated dynamic edge styles for 43 particles
    at crates/gammalooprs/src/model/mod.rs:1878
[13:05:01.020] @gammaloop_api::session INFO    : Running command save state -o
    at crates/gammaloop-api/src/session.rs:577
[13:05:01.471] @gammaloop_api::session INFO    : Running command generate existing -p aa_aa -i 2L
    at crates/gammaloop-api/src/session.rs:577
Parsed: 124.789202ms
Executing: 4.85664ms
[13:05:12.471] @gammaloop_api::commands::generate INFO    :
[34m[1mIntegrand generation summary[0m[39m
[34m[1mpeak RAM[0m[39m [33m2.16 GiB[39m | [34m[1mcores[0m[39m [33m10[39m
тХнтФАтФАтФАтФАтФАтФАтФАтФАтФАтФАтФАтФмтФАтФАтФАтФАтФАтФАтФАтФмтФАтФАтФАтФАтФАтФАтФАтФАтФАтФмтФАтФАтФАтФАтФАтФАтФАтФАтФАтФАтФАтФАтФАтФмтФАтФАтФАтФАтФАтФАтФАтФАтФАтФАтФАтФАтФАтФАтФмтФАтФАтФАтФАтФАтФАтФАтФАтФАтФАтФАтФАтФАтФАтФАтФАтФмтФАтФАтФАтФАтФАтФАтФАтФАтФАтФАтФАтФАтФАтХо
тФВ [34m[1mintegrand[0m[39m тФВ [34m[1mgraph[0m[39m тФВ [34m[1m# evals[0m[39m тФВ [34m[1mexpr build[0m[39m  тФВ [34m[1mspenso[0m[39m       тФВ [34m[1msymbolica eval[0m[39m тФВ [34m[1mcompile[0m[39m     тФВ
тФЬтФАтФАтФАтФАтФАтФАтФАтФАтФАтФАтФАтФ╝тФАтФАтФАтФАтФАтФАтФАтФ╝тФАтФАтФАтФАтФАтФАтФАтФАтФАтФ╝тФАтФАтФАтФАтФАтФАтФАтФАтФАтФАтФАтФАтФАтФ╝тФАтФАтФАтФАтФАтФАтФАтФАтФАтФАтФАтФАтФАтФАтФ╝тФАтФАтФАтФАтФАтФАтФАтФАтФАтФАтФАтФАтФАтФАтФАтФАтФ╝тФАтФАтФАтФАтФАтФАтФАтФАтФАтФАтФАтФАтФАтФд
тФВ [33m2L[39m        тФВ [33mGL16[39m  тФВ [33m2[39m       тФВ [35m2.91s[39m ([36m27%[39m) тФВ [35m137ms[39m ([36m1.3%[39m) тФВ [35m7.83s[39m ([36m72%[39m)    тФВ [35m0ms[39m ([36m0.00%[39m) тФВ
тХ░тФАтФАтФАтФАтФАтФАтФАтФАтФАтФАтФАтФ┤тФАтФАтФАтФАтФАтФАтФАтФ┤тФАтФАтФАтФАтФАтФАтФАтФАтФАтФ┤тФАтФАтФАтФАтФАтФАтФАтФАтФАтФАтФАтФАтФАтФ┤тФАтФАтФАтФАтФАтФАтФАтФАтФАтФАтФАтФАтФАтФАтФ┤тФАтФАтФАтФАтФАтФАтФАтФАтФАтФАтФАтФАтФАтФАтФАтФАтФ┤тФАтФАтФАтФАтФАтФАтФАтФАтФАтФАтФАтФАтФАтХп
    at crates/gammaloop-api/src/commands/generate.rs:489
[13:05:12.472] @gammaloop_api::session INFO    : Running command save state -o
    at crates/gammaloop-api/src/session.rs:577
[13:05:13.017] @gammaloop_api::session INFO    : Running command run set_model_parameters
    at crates/gammaloop-api/src/session.rs:631
[13:05:13.017] @gammaloop_api::session INFO    : Starting command block set_model_parameters
    at crates/gammaloop-api/src/session.rs:634
[13:05:13.017] @gammaloop_api::session INFO    : Running command set model MT=173.0
    at crates/gammaloop-api/src/session.rs:577
[13:05:13.024] @gammaloop_api::session INFO    : Running command set model WT=0.0
    at crates/gammaloop-api/src/session.rs:577
[13:05:13.030] @gammaloop_api::session INFO    : Running command set model ymt=173.0
    at crates/gammaloop-api/src/session.rs:577
[13:05:13.037] @gammaloop_api::session INFO    : Running command set model aS=0.118
    at crates/gammaloop-api/src/session.rs:577
[13:05:13.043] @gammaloop_api::session INFO    : Running command set model aEWM1=137.036
    at crates/gammaloop-api/src/session.rs:577
[13:05:13.049] @gammaloop_api::session INFO    : Running command set model Gf=1.166390e-05
    at crates/gammaloop-api/src/session.rs:577
[13:05:13.055] @gammaloop_api::session INFO    : Running command set model MZ=91.188
    at crates/gammaloop-api/src/session.rs:577
[13:05:13.061] @gammaloop_api::session INFO    : Running command run set_kinematics_a
    at crates/gammaloop-api/src/session.rs:631
[13:05:13.061] @gammaloop_api::session INFO    : Starting command block set_kinematics_a
    at crates/gammaloop-api/src/session.rs:634
[13:05:13.062] @gammaloop_api::session INFO    : Running command set process string '
    [kinematics.externals]
    type = "constant"
    [kinematics.externals.data]
    momenta = [
[...]
    at crates/gammaloop-api/src/session.rs:577
[13:05:13.062] @gammaloop_api::session INFO    : Running command set process -p aa_aa kv kinematics.externals.data.helicities=[+1,-1,+1,-1] general.mu_r=91.188
    at crates/gammaloop-api/src/session.rs:577
[13:05:13.062] @gammaloop_api::session INFO    : Running command set process -p aa_aa -i 2L kv general.m_uv=9.188
    at crates/gammaloop-api/src/session.rs:577
[13:05:13.063] @gammaloop_api::session INFO    : Running command profile ultra-violet -p aa_aa -i 2L --n-points 20 --min-scaling 3 --max-scaling 5 -o /tmp/aa_aa_2l_graph_campaign_all/GL16/uv_profile
    at crates/gammaloop-api/src/session.rs:577
[13:05:15.148] @gammaloop_api::commands::profile INFO    :
тХнтФАтФАтФАтФАтФАтФАтФАтФмтФАтФАтФАтФАтФАтФАтФАтФАтФАтФАтФмтФАтФАтФАтФАтФАтФАтФАтФАтФАтФАтФАтФмтФАтФАтФАтФАтФАтФАтФАтФмтФАтФАтФАтФАтФАтФмтФАтФАтФАтФАтФАтФАтФАтФАтФАтФАтФмтФАтФАтФАтФАтФАтФАтФАтФАтФАтХо
тФВ fixed тФВ тЖТ тИЮ      тФВ slope     тФВ r2    тФВ DOD тФВ bare DOD тФВ inspect тФВ
тФЬтФАтФАтФАтФАтФАтФАтФАтФ╝тФАтФАтФАтФАтФАтФАтФАтФАтФАтФАтФ╝тФАтФАтФАтФАтФАтФАтФАтФАтФАтФАтФАтФ╝тФАтФАтФАтФАтФАтФАтФАтФ╝тФАтФАтФАтФАтФАтФ╝тФАтФАтФАтФАтФАтФАтФАтФАтФАтФАтФ╝тФАтФАтФАтФАтФАтФАтФАтФАтФАтФд
тФВ {e9}  тФВ {e10}    тФВ -2.024859 тФВ 1.000 тФВ -2  тФВ -1       тФВ         тФВ
тФВ {e10} тФВ {e9}     тФВ -1.000159 тФВ 1.000 тФВ -1  тФВ -1       тФВ         тФВ
тФВ {}    тФВ {e9,e10} тФВ -1.000129 тФВ 1.000 тФВ -1  тФВ 0        тФВ         тФВ
тФВ {e6}  тФВ {e10}    тФВ -2.022469 тФВ 1.000 тФВ -2  тФВ -1       тФВ         тФВ
тФВ {e10} тФВ {e6}     тФВ -1.000557 тФВ 1.000 тФВ -1  тФВ -1       тФВ         тФВ
тФВ {}    тФВ {e6,e10} тФВ -0.999976 тФВ 1.000 тФВ -1  тФВ 0        тФВ         тФВ
тФВ {e8}  тФВ {e9}     тФВ -1.766717 тФВ 0.980 тФВ -2  тФВ -1       тФВ         тФВ
тФВ {e9}  тФВ {e8}     тФВ -1.000059 тФВ 1.000 тФВ -1  тФВ -1       тФВ         тФВ
тФВ {}    тФВ {e8,e9}  тФВ -1.000603 тФВ 1.000 тФВ -1  тФВ 0        тФВ         тФВ
тФВ {e6}  тФВ {e8}     тФВ -2.022240 тФВ 0.966 тФВ -2  тФВ -1       тФВ         тФВ
тФВ {e8}  тФВ {e6}     тФВ -1.000181 тФВ 1.000 тФВ -1  тФВ -1       тФВ         тФВ
тФВ {}    тФВ {e6,e8}  тФВ -1.001823 тФВ 1.000 тФВ -1  тФВ 0        тФВ         тФВ
тФВ {e5}  тФВ {e9}     тФВ -2.093432 тФВ 0.999 тФВ -2  тФВ -1       тФВ         тФВ
тФВ {e9}  тФВ {e5}     тФВ -0.999936 тФВ 1.000 тФВ -1  тФВ -1       тФВ         тФВ
тФВ {}    тФВ {e5,e9}  тФВ -0.999400 тФВ 1.000 тФВ -1  тФВ 0        тФВ         тФВ
тФВ {e5}  тФВ {e6}     тФВ -2.244875 тФВ 0.998 тФВ -2  тФВ -1       тФВ         тФВ
тФВ {e6}  тФВ {e5}     тФВ -0.999885 тФВ 1.000 тФВ -1  тФВ -1       тФВ         тФВ
тФВ {}    тФВ {e5,e6}  тФВ -0.999838 тФВ 1.000 тФВ -1  тФВ 0        тФВ         тФВ
тФВ {e7}  тФВ {e10}    тФВ -2.176369 тФВ 0.998 тФВ -2  тФВ -1       тФВ         тФВ
тФВ {e10} тФВ {e7}     тФВ -1.000142 тФВ 1.000 тФВ -1  тФВ -1       тФВ         тФВ
тФВ {}    тФВ {e7,e10} тФВ -1.000130 тФВ 1.000 тФВ -1  тФВ 0        тФВ         тФВ
тФВ {e7}  тФВ {e8}     тФВ -2.026726 тФВ 1.000 тФВ -2  тФВ -1       тФВ         тФВ
тФВ {e8}  тФВ {e7}     тФВ -1.000005 тФВ 1.000 тФВ -1  тФВ -1       тФВ         тФВ
тФВ {}    тФВ {e7,e8}  тФВ -0.999898 тФВ 1.000 тФВ -1  тФВ 0        тФВ         тФВ
тФВ {e5}  тФВ {e7}     тФВ -2.101093 тФВ 0.999 тФВ -2  тФВ -1       тФВ         тФВ
тФВ {e7}  тФВ {e5}     тФВ -1.000179 тФВ 1.000 тФВ -1  тФВ -1       тФВ         тФВ
тФВ {}    тФВ {e5,e7}  тФВ -0.999400 тФВ 1.000 тФВ -1  тФВ 0        тФВ         тФВ
тФВ {e4}  тФВ {e10}    тФВ -1.942839 тФВ 1.000 тФВ -2  тФВ -2       тФВ         тФВ
тФВ {e10} тФВ {e4}     тФВ -1.000052 тФВ 1.000 тФВ -1  тФВ -1       тФВ         тФВ
тФВ {}    тФВ {e4,e10} тФВ -1.000152 тФВ 1.000 тФВ -1  тФВ 0        тФВ         тФВ
тФВ {e4}  тФВ {e9}     тФВ -2.150478 тФВ 0.999 тФВ -2  тФВ -2       тФВ         тФВ
тФВ {e9}  тФВ {e4}     тФВ -1.000437 тФВ 1.000 тФВ -1  тФВ -1       тФВ         тФВ
тФВ {}    тФВ {e4,e9}  тФВ -0.999645 тФВ 1.000 тФВ -1  тФВ 0        тФВ         тФВ
тФВ {e4}  тФВ {e5}     тФВ -2.069363 тФВ 0.999 тФВ -2  тФВ -2       тФВ         тФВ
тФВ {e5}  тФВ {e4}     тФВ -1.000131 тФВ 1.000 тФВ -1  тФВ -1       тФВ         тФВ
тФВ {}    тФВ {e4,e5}  тФВ -1.000041 тФВ 1.000 тФВ -1  тФВ 0        тФВ         тФВ
тФВ {e4}  тФВ {e6}     тФВ -2.060572 тФВ 1.000 тФВ -2  тФВ -2       тФВ         тФВ
тФВ {e6}  тФВ {e4}     тФВ -1.000788 тФВ 1.000 тФВ -1  тФВ -1       тФВ         тФВ
тФВ {}    тФВ {e4,e6}  тФВ -0.999856 тФВ 1.000 тФВ -1  тФВ 0        тФВ         тФВ
тФВ {e4}  тФВ {e8}     тФВ -2.082650 тФВ 1.000 тФВ -2  тФВ -2       тФВ         тФВ
тФВ {e8}  тФВ {e4}     тФВ -1.000355 тФВ 1.000 тФВ -1  тФВ -1       тФВ         тФВ
тФВ {}    тФВ {e4,e8}  тФВ -0.999876 тФВ 1.000 тФВ -1  тФВ 0        тФВ         тФВ
тФВ {e4}  тФВ {e7}     тФВ -1.989321 тФВ 1.000 тФВ -2  тФВ -2       тФВ         тФВ
тФВ {e7}  тФВ {e4}     тФВ -1.001087 тФВ 1.000 тФВ -1  тФВ -1       тФВ         тФВ
тФВ {}    тФВ {e4,e7}  тФВ -1.000187 тФВ 1.000 тФВ -1  тФВ 0        тФВ         тФВ
тХ░тФАтФАтФАтФАтФАтФАтФАтФ┤тФАтФАтФАтФАтФАтФАтФАтФАтФАтФАтФ┤тФАтФАтФАтФАтФАтФАтФАтФАтФАтФАтФАтФ┤тФАтФАтФАтФАтФАтФАтФАтФ┤тФАтФАтФАтФАтФАтФ┤тФАтФАтФАтФАтФАтФАтФАтФАтФАтФАтФ┤тФАтФАтФАтФАтФАтФАтФАтФАтФАтХп
    at crates/gammaloop-api/src/commands/profile.rs:286
